<?xml version="1.0" encoding="UTF-8"?>
<!-- Generated by org.testng.reporters.JUnitReportReporter -->
<testsuite skipped="0" hostname="CHINA-20181103D" name="com.lh.practice.selenium.test.poxy" tests="1" failures="0" timestamp="04 十一月 2018 03:33:21 GMT" time="9.084" errors="0">
  <testcase name="firefox" time="9.084" classname="com.lh.practice.selenium.test.poxy"/>
</testsuite> <!-- com.lh.practice.selenium.test.poxy -->
