<?xml version="1.0" encoding="UTF-8"?>
<!-- Generated by org.testng.reporters.JUnitReportReporter -->
<testsuite hostname="DESKTOP-990NT2Q" name="com.zkr.lh.group.group" tests="4" failures="0" timestamp="9 Sep 2018 10:33:23 GMT" time="57.857" errors="0">
  <testcase name="submodul3" time="12.060" classname="com.zkr.lh.group.group"/>
  <testcase name="submodul2" time="29.930" classname="com.zkr.lh.group.group"/>
  <testcase name="submodul1" time="7.308" classname="com.zkr.lh.group.group"/>
  <testcase name="submodul4" time="8.559" classname="com.zkr.lh.group.group"/>
</testsuite> <!-- com.zkr.lh.group.group -->
