<?xml version="1.0" encoding="UTF-8"?>
<!-- Generated by org.testng.reporters.JUnitReportReporter -->
<testsuite hostname="DESKTOP-990NT2Q" name="com.zkr.lh.testScript.paytest" tests="1" failures="0" timestamp="7 Oct 2018 14:17:47 GMT" time="0.002" errors="0">
  <testcase name="pay" time="0.002" classname="com.zkr.lh.testScript.paytest"/>
</testsuite> <!-- com.zkr.lh.testScript.paytest -->
