<?xml version="1.0" encoding="UTF-8"?>
<!-- Generated by org.testng.reporters.JUnitReportReporter -->
<testsuite hostname="7OYUE0XO9WRHOLL" name="com.lh.practice.testng.depend" tests="2" failures="0" timestamp="15 Oct 2018 05:56:03 GMT" time="0.029" errors="0">
  <testcase name="test1" time="0.025" classname="com.lh.practice.testng.depend"/>
  <testcase name="test2" time="0.004" classname="com.lh.practice.testng.depend"/>
</testsuite> <!-- com.lh.practice.testng.depend -->
