<?xml version="1.0" encoding="UTF-8"?>
<!-- Generated by org.testng.reporters.JUnitReportReporter -->
<testsuite skipped="0" hostname="7OYUE0XO9WRHOLL" name="com.lh.practice.testng.paramter.parameterTest" tests="1" failures="0" timestamp="15 十月 2018 09:41:16 GMT" time="0.010" errors="0">
  <testcase name="parameter" time="0.010" classname="com.lh.practice.testng.paramter.parameterTest"/>
</testsuite> <!-- com.lh.practice.testng.paramter.parameterTest -->
