<?xml version="1.0" encoding="UTF-8"?>
<!-- Generated by org.testng.reporters.JUnitReportReporter -->
<testsuite hostname="DESKTOP-990NT2Q" name="com.lh.practice.testng.suit.loginTest" tests="1" failures="0" timestamp="7 Oct 2018 15:06:22 GMT" time="0.003" errors="0">
  <testcase name="login" time="0.003" classname="com.lh.practice.testng.suit.loginTest"/>
</testsuite> <!-- com.lh.practice.testng.suit.loginTest -->
