<?xml version="1.0" encoding="UTF-8"?>
<!-- Generated by org.testng.reporters.JUnitReportReporter -->
<testsuite hostname="7OYUE0XO9WRHOLL" name="com.lh.practice.testng.testNG" tests="2" failures="0" timestamp="15 Oct 2018 03:20:56 GMT" time="0.011" errors="0">
  <testcase name="test2" time="0.002" classname="com.lh.practice.testng.testNG"/>
  <testcase name="test1" time="0.009" classname="com.lh.practice.testng.testNG"/>
</testsuite> <!-- com.lh.practice.testng.testNG -->
