<?xml version="1.0" encoding="UTF-8"?>
<!-- Generated by org.testng.reporters.JUnitReportReporter -->
<testsuite skipped="0" hostname="7OYUE0XO9WRHOLL" name="com.lh.practice.httpclient.myHttpClient" tests="1" failures="0" timestamp="18 十月 2018 02:37:51 GMT" time="1.083" errors="0">
  <testcase name="httpGetMock" time="1.083" classname="com.lh.practice.httpclient.myHttpClient"/>
</testsuite> <!-- com.lh.practice.httpclient.myHttpClient -->
