<?xml version="1.0" encoding="UTF-8"?>
<!-- Generated by org.testng.reporters.JUnitReportReporter -->
<testsuite hostname="7OYUE0XO9WRHOLL" name="com.lh.practice.testng.suit.payTest" tests="1" failures="0" timestamp="15 Oct 2018 07:51:44 GMT" time="0.012" errors="0">
  <testcase name="pay" time="0.012" classname="com.lh.practice.testng.suit.payTest"/>
</testsuite> <!-- com.lh.practice.testng.suit.payTest -->
