<?xml version="1.0" encoding="UTF-8"?>
<!-- Generated by org.testng.reporters.JUnitReportReporter -->
<testsuite hostname="DESKTOP-990NT2Q" name="com.zkr.lh.sleniumApi.api" tests="1" failures="0" timestamp="9 Sep 2018 12:28:03 GMT" time="10.765" errors="0">
  <testcase name="selectItem" time="10.765" classname="com.zkr.lh.sleniumApi.api"/>
</testsuite> <!-- com.zkr.lh.sleniumApi.api -->
