<?xml version="1.0" encoding="UTF-8"?>
<!-- Generated by org.testng.reporters.JUnitReportReporter -->
<testsuite hostname="7OYUE0XO9WRHOLL" name="com.lh.practice.testng.groups.groupsOnClass1" tests="4" failures="0" timestamp="15 Oct 2018 05:50:31 GMT" time="0.030" errors="0">
  <testcase name="test1" time="0.019" classname="com.lh.practice.testng.groups.groupsOnClass1"/>
  <testcase name="test1" time="0.006" classname="com.lh.practice.testng.groups.groupsOnClass1"/>
  <testcase name="test2" time="0.003" classname="com.lh.practice.testng.groups.groupsOnClass1"/>
  <testcase name="test2" time="0.002" classname="com.lh.practice.testng.groups.groupsOnClass1"/>
</testsuite> <!-- com.lh.practice.testng.groups.groupsOnClass1 -->
