<?xml version="1.0" encoding="UTF-8"?>
<!-- Generated by org.testng.reporters.JUnitReportReporter -->
<testsuite hostname="DESKTOP-990NT2Q" name="LaunchFF" tests="1" failures="0" timestamp="4 Sep 2018 15:08:07 GMT" time="11.050" errors="0">
  <testcase name="searchOnBaidu" time="11.050" classname="LaunchFF"/>
</testsuite> <!-- LaunchFF -->
