<?xml version="1.0" encoding="UTF-8"?>
<!-- Generated by org.testng.reporters.JUnitReportReporter -->
<testsuite hostname="DESKTOP-990NT2Q" name="com.lh.practice.testng.suit.payTest" tests="1" failures="0" timestamp="7 Oct 2018 15:06:22 GMT" time="0.001" errors="0">
  <testcase name="pay" time="0.001" classname="com.lh.practice.testng.suit.payTest"/>
</testsuite> <!-- com.lh.practice.testng.suit.payTest -->
