<?xml version="1.0" encoding="UTF-8"?>
<!-- Generated by org.testng.reporters.JUnitReportReporter -->
<testsuite hostname="DESKTOP-990NT2Q" name="LaunchIE" tests="1" failures="0" timestamp="4 Sep 2018 14:13:40 GMT" time="5.152" errors="0">
  <testcase name="searchOnBaidu" time="5.152" classname="LaunchIE"/>
</testsuite> <!-- LaunchIE -->
