<?xml version="1.0" encoding="UTF-8"?>
<!-- Generated by org.testng.reporters.JUnitReportReporter -->
<testsuite skipped="0" hostname="7OYUE0XO9WRHOLL" name="com.lh.practice.httpclient.test" tests="1" failures="0" timestamp="18 十月 2018 02:52:34 GMT" time="0.030" errors="0">
  <testcase name="test" time="0.030" classname="com.lh.practice.httpclient.test"/>
</testsuite> <!-- com.lh.practice.httpclient.test -->
