<?xml version="1.0" encoding="UTF-8"?>
<!-- Generated by org.testng.reporters.JUnitReportReporter -->
<testsuite hostname="DESKTOP-990NT2Q" name="com.zkr.lh.testScript.testFqz" tests="1" failures="0" timestamp="7 Oct 2018 03:58:02 GMT" time="0.390" errors="0">
  <testcase name="loginTest" time="0.390" classname="com.zkr.lh.testScript.testFqz"/>
</testsuite> <!-- com.zkr.lh.testScript.testFqz -->
