<?xml version="1.0" encoding="UTF-8"?>
<!-- Generated by org.testng.reporters.JUnitReportReporter -->
<testsuite hostname="DESKTOP-990NT2Q" name="com.lh.practice.testng.testNG" tests="2" failures="0" timestamp="7 Oct 2018 14:52:58 GMT" time="0.004" errors="0">
  <testcase name="test1" time="0.004" classname="com.lh.practice.testng.testNG"/>
  <testcase name="test2" time="0.000" classname="com.lh.practice.testng.testNG"/>
</testsuite> <!-- com.lh.practice.testng.testNG -->
