<?xml version="1.0" encoding="UTF-8"?>
<!-- Generated by org.testng.reporters.JUnitReportReporter -->
<testsuite hostname="DESKTOP-990NT2Q" name="com.zkr.lh.toolkit.test" tests="1" failures="0" timestamp="4 Sep 2018 15:54:58 GMT" time="7.163" errors="0">
  <testcase name="test" time="7.163" classname="com.zkr.lh.toolkit.test"/>
</testsuite> <!-- com.zkr.lh.toolkit.test -->
