<?xml version="1.0" encoding="UTF-8"?>
<!-- Generated by org.testng.reporters.JUnitReportReporter -->
<testsuite hostname="7OYUE0XO9WRHOLL" name="com.lh.practice.testng.suit.loginTest" tests="1" failures="0" timestamp="15 Oct 2018 07:51:44 GMT" time="0.010" errors="0">
  <testcase name="login" time="0.010" classname="com.lh.practice.testng.suit.loginTest"/>
</testsuite> <!-- com.lh.practice.testng.suit.loginTest -->
