<?xml version="1.0" encoding="UTF-8"?>
<!-- Generated by org.testng.reporters.JUnitReportReporter -->
<testsuite skipped="2" hostname="7OYUE0XO9WRHOLL" name="com.lh.practice.httpclient.myHttpClient" tests="4" failures="0" timestamp="18 十月 2018 08:02:16 GMT" time="0.925" errors="0">
  <testcase name="sendCookies" time="0.024" classname="com.lh.practice.httpclient.myHttpClient"/>
  <testcase name="testBundle" time="0.901" classname="com.lh.practice.httpclient.myHttpClient"/>
  <testcase name="httpGetMock" classname="com.lh.practice.httpclient.myHttpClient">
    <skipped/>
  </testcase> <!-- httpGetMock -->
  <testcase name="test" classname="com.lh.practice.httpclient.myHttpClient">
    <skipped/>
  </testcase> <!-- test -->
</testsuite> <!-- com.lh.practice.httpclient.myHttpClient -->
