<?xml version="1.0" encoding="UTF-8"?>
<!-- Generated by org.testng.reporters.JUnitReportReporter -->
<testsuite hostname="DESKTOP-990NT2Q" name="com.lh.practice.testng.ignoreTest" tests="2" failures="0" timestamp="7 Oct 2018 15:10:15 GMT" time="0.009" errors="0">
  <testcase name="Ingore2" time="0.007" classname="com.lh.practice.testng.ignoreTest"/>
  <testcase name="noIngore" time="0.002" classname="com.lh.practice.testng.ignoreTest"/>
</testsuite> <!-- com.lh.practice.testng.ignoreTest -->
