<?xml version="1.0" encoding="UTF-8"?>
<!-- Generated by org.testng.reporters.JUnitReportReporter -->
<testsuite hostname="DESKTOP-990NT2Q" name="LanuchChrome" tests="1" failures="0" timestamp="4 Sep 2018 14:28:54 GMT" time="6.105" errors="0">
  <testcase name="searchOnBaidu" time="6.105" classname="LanuchChrome"/>
</testsuite> <!-- LanuchChrome -->
