<?xml version="1.0" encoding="UTF-8"?>
<!-- Generated by org.testng.reporters.JUnitReportReporter -->
<testsuite skipped="0" hostname="CHINA-20181103D" name="com.lh.practice.S" tests="1" failures="0" timestamp="04 十一月 2018 01:50:19 GMT" time="0.007" errors="0">
  <testcase name="sy" time="0.007" classname="com.lh.practice.S"/>
</testsuite> <!-- com.lh.practice.S -->
