<?xml version="1.0" encoding="UTF-8"?>
<!-- Generated by org.testng.reporters.JUnitReportReporter -->
<testsuite skipped="0" hostname="CHINA-20181103D" name="com.lh.practice.selenium.test.selenium" tests="1" failures="0" timestamp="04 十一月 2018 02:16:20 GMT" time="3.806" errors="0">
  <testcase name="firefox" time="3.806" classname="com.lh.practice.selenium.test.selenium"/>
</testsuite> <!-- com.lh.practice.selenium.test.selenium -->
